
2019-08-13 04:17:42 345 [Warning] Using unique option prefix myisam-recover instead of myisam-recover-options is deprecated and will be removed in a future release. Please use the full name instead.
2019-08-13 04:17:42 345 [Note] Plugin 'FEDERATED' is disabled.
2019-08-13 04:17:42 345 [Note] InnoDB: Using atomics to ref count buffer pool pages
2019-08-13 04:17:42 345 [Note] InnoDB: The InnoDB memory heap is disabled
2019-08-13 04:17:42 345 [Note] InnoDB: Mutexes and rw_locks use GCC atomic builtins
2019-08-13 04:17:42 345 [Note] InnoDB: Memory barrier is not used
2019-08-13 04:17:42 345 [Note] InnoDB: Compressed tables use zlib 1.2.8
2019-08-13 04:17:42 345 [Note] InnoDB: Using Linux native AIO
2019-08-13 04:17:42 345 [Note] InnoDB: Using CPU crc32 instructions
2019-08-13 04:17:42 345 [Note] InnoDB: Initializing buffer pool, size = 128.0M
2019-08-13 04:17:42 345 [Note] InnoDB: Completed initialization of buffer pool
2019-08-13 04:17:42 345 [Note] InnoDB: Highest supported file format is Barracuda.
2019-08-13 04:17:42 345 [Note] InnoDB: The log sequence numbers 1595675 and 1595675 in ibdata files do not match the log sequence number 1595916 in the ib_logfiles!
2019-08-13 04:17:42 345 [Note] InnoDB: Database was not shutdown normally!
2019-08-13 04:17:42 345 [Note] InnoDB: Starting crash recovery.
2019-08-13 04:17:42 345 [Note] InnoDB: Reading tablespace information from the .ibd files...
2019-08-13 04:17:42 345 [Note] InnoDB: Restoring possible half-written data pages 
2019-08-13 04:17:42 345 [Note] InnoDB: from the doublewrite buffer...
2019-08-13 04:17:52 345 [Note] InnoDB: 128 rollback segment(s) are active.
2019-08-13 04:17:52 345 [Note] InnoDB: Creating tablespace and datafile system tables.
2019-08-13 04:17:52 345 [Note] InnoDB: Tablespace and datafile system tables created.
2019-08-13 04:17:52 345 [Note] InnoDB: Waiting for purge to start
2019-08-13 04:17:52 345 [Note] InnoDB: 5.6.34 started; log sequence number 1595916
2019-08-13 04:17:52 345 [ERROR] mysqld: Table './mysql/user' is marked as crashed and should be repaired
2019-08-13 04:17:52 345 [Warning] Checking table:   './mysql/user'
2019-08-13 04:17:52 345 [ERROR] 1 client is using or hasn't closed the table properly
2019-08-13 04:17:52 345 [Note] Binlog end
2019-08-13 04:17:52 345 [Note] InnoDB: FTS optimize thread exiting.
2019-08-13 04:17:52 345 [Note] InnoDB: Starting shutdown...
2019-08-13 04:17:54 345 [Note] InnoDB: Shutdown completed; log sequence number 1600309
190813 04:18:01 mysqld_safe Starting mysqld daemon with databases from /var/lib/mysql
2019-08-13 04:18:03 0 [Warning] Using unique option prefix key_buffer instead of key_buffer_size is deprecated and will be removed in a future release. Please use the full name instead.
2019-08-13 04:18:03 0 [Warning] TIMESTAMP with implicit DEFAULT value is deprecated. Please use --explicit_defaults_for_timestamp server option (see documentation for more details).
2019-08-13 04:18:04 0 [Note] /usr/sbin/mysqld (mysqld 5.6.34) starting as process 789 ...
2019-08-13 04:18:04 789 [Warning] Using unique option prefix myisam-recover instead of myisam-recover-options is deprecated and will be removed in a future release. Please use the full name instead.
2019-08-13 04:18:04 789 [Note] Plugin 'FEDERATED' is disabled.
2019-08-13 04:18:04 789 [Note] InnoDB: Using atomics to ref count buffer pool pages
2019-08-13 04:18:04 789 [Note] InnoDB: The InnoDB memory heap is disabled
2019-08-13 04:18:04 789 [Note] InnoDB: Mutexes and rw_locks use GCC atomic builtins
2019-08-13 04:18:04 789 [Note] InnoDB: Memory barrier is not used
2019-08-13 04:18:04 789 [Note] InnoDB: Compressed tables use zlib 1.2.8
2019-08-13 04:18:04 789 [Note] InnoDB: Using Linux native AIO
2019-08-13 04:18:04 789 [Note] InnoDB: Using CPU crc32 instructions
2019-08-13 04:18:05 789 [Note] InnoDB: Initializing buffer pool, size = 128.0M
2019-08-13 04:18:05 789 [Note] InnoDB: Completed initialization of buffer pool
2019-08-13 04:18:05 789 [Note] InnoDB: Highest supported file format is Barracuda.
2019-08-13 04:18:05 789 [Note] InnoDB: 128 rollback segment(s) are active.
2019-08-13 04:18:05 789 [Note] InnoDB: Waiting for purge to start
2019-08-13 04:18:05 789 [Note] InnoDB: 5.6.34 started; log sequence number 1600309
2019-08-13 04:18:05 789 [Warning] No existing UUID has been found, so we assume that this is the first time that this server has been started. Generating a new UUID: 5907bb62-bd81-11e9-b696-0242ac110004.
2019-08-13 04:18:05 789 [Note] Server hostname (bind-address): '*'; port: 3306
2019-08-13 04:18:05 789 [Note] IPv6 is available.
2019-08-13 04:18:05 789 [Note]   - '::' resolves to '::';
2019-08-13 04:18:05 789 [Note] Server socket created on IP: '::'.
2019-08-13 04:18:05 789 [ERROR] Column count of mysql.events_waits_current is wrong. Expected 19, found 16. Created with MySQL 50560, now running 50634. Please use mysql_upgrade to fix this error.
2019-08-13 04:18:05 789 [ERROR] Column count of mysql.events_waits_history is wrong. Expected 19, found 16. Created with MySQL 50560, now running 50634. Please use mysql_upgrade to fix this error.
2019-08-13 04:18:05 789 [ERROR] Column count of mysql.events_waits_history_long is wrong. Expected 19, found 16. Created with MySQL 50560, now running 50634. Please use mysql_upgrade to fix this error.
2019-08-13 04:18:05 789 [ERROR] Native table 'performance_schema'.'events_waits_summary_by_host_by_event_name' has the wrong structure
2019-08-13 04:18:05 789 [ERROR] Incorrect definition of table performance_schema.events_waits_summary_by_thread_by_event_name: expected column 'THREAD_ID' at position 0 to have type bigint(20), found type int(11).
2019-08-13 04:18:05 789 [ERROR] Native table 'performance_schema'.'events_waits_summary_by_user_by_event_name' has the wrong structure
2019-08-13 04:18:05 789 [ERROR] Native table 'performance_schema'.'events_waits_summary_by_account_by_event_name' has the wrong structure
2019-08-13 04:18:05 789 [ERROR] Column count of mysql.file_summary_by_event_name is wrong. Expected 23, found 5. Created with MySQL 50560, now running 50634. Please use mysql_upgrade to fix this error.
2019-08-13 04:18:05 789 [ERROR] Column count of mysql.file_summary_by_instance is wrong. Expected 25, found 6. Created with MySQL 50560, now running 50634. Please use mysql_upgrade to fix this error.
2019-08-13 04:18:05 789 [ERROR] Native table 'performance_schema'.'host_cache' has the wrong structure
2019-08-13 04:18:05 789 [ERROR] Incorrect definition of table performance_schema.mutex_instances: expected column 'LOCKED_BY_THREAD_ID' at position 2 to have type bigint(20), found type int(11).
2019-08-13 04:18:05 789 [ERROR] Native table 'performance_schema'.'objects_summary_global_by_type' has the wrong structure
2019-08-13 04:18:05 789 [ERROR] Incorrect definition of table performance_schema.rwlock_instances: expected column 'WRITE_LOCKED_BY_THREAD_ID' at position 2 to have type bigint(20), found type int(11).
2019-08-13 04:18:05 789 [ERROR] Native table 'performance_schema'.'setup_actors' has the wrong structure
2019-08-13 04:18:05 789 [ERROR] Native table 'performance_schema'.'setup_objects' has the wrong structure
2019-08-13 04:18:05 789 [ERROR] Native table 'performance_schema'.'table_io_waits_summary_by_index_usage' has the wrong structure
2019-08-13 04:18:05 789 [ERROR] Native table 'performance_schema'.'table_io_waits_summary_by_table' has the wrong structure
2019-08-13 04:18:05 789 [ERROR] Native table 'performance_schema'.'table_lock_waits_summary_by_table' has the wrong structure
2019-08-13 04:18:05 789 [ERROR] Column count of mysql.threads is wrong. Expected 14, found 3. Created with MySQL 50560, now running 50634. Please use mysql_upgrade to fix this error.
2019-08-13 04:18:05 789 [ERROR] Native table 'performance_schema'.'events_stages_current' has the wrong structure
2019-08-13 04:18:05 789 [ERROR] Native table 'performance_schema'.'events_stages_history' has the wrong structure
2019-08-13 04:18:05 789 [ERROR] Native table 'performance_schema'.'events_stages_history_long' has the wrong structure
2019-08-13 04:18:05 789 [ERROR] Native table 'performance_schema'.'events_stages_summary_by_thread_by_event_name' has the wrong structure
2019-08-13 04:18:05 789 [ERROR] Native table 'performance_schema'.'events_stages_summary_by_account_by_event_name' has the wrong structure
2019-08-13 04:18:05 789 [ERROR] Native table 'performance_schema'.'events_stages_summary_by_user_by_event_name' has the wrong structure
2019-08-13 04:18:05 789 [ERROR] Native table 'performance_schema'.'events_stages_summary_by_host_by_event_name' has the wrong structure
2019-08-13 04:18:05 789 [ERROR] Native table 'performance_schema'.'events_stages_summary_global_by_event_name' has the wrong structure
2019-08-13 04:18:05 789 [ERROR] Native table 'performance_schema'.'events_statements_current' has the wrong structure
2019-08-13 04:18:05 789 [ERROR] Native table 'performance_schema'.'events_statements_history' has the wrong structure
2019-08-13 04:18:05 789 [ERROR] Native table 'performance_schema'.'events_statements_history_long' has the wrong structure
2019-08-13 04:18:05 789 [ERROR] Native table 'performance_schema'.'events_statements_summary_by_thread_by_event_name' has the wrong structure
2019-08-13 04:18:05 789 [ERROR] Native table 'performance_schema'.'events_statements_summary_by_account_by_event_name' has the wrong structure
2019-08-13 04:18:05 789 [ERROR] Native table 'performance_schema'.'events_statements_summary_by_user_by_event_name' has the wrong structure
2019-08-13 04:18:05 789 [ERROR] Native table 'performance_schema'.'events_statements_summary_by_host_by_event_name' has the wrong structure
2019-08-13 04:18:05 789 [ERROR] Native table 'performance_schema'.'events_statements_summary_global_by_event_name' has the wrong structure
2019-08-13 04:18:05 789 [ERROR] Native table 'performance_schema'.'events_statements_summary_by_digest' has the wrong structure
2019-08-13 04:18:05 789 [ERROR] Native table 'performance_schema'.'users' has the wrong structure
2019-08-13 04:18:05 789 [ERROR] Native table 'performance_schema'.'accounts' has the wrong structure
2019-08-13 04:18:05 789 [ERROR] Native table 'performance_schema'.'hosts' has the wrong structure
2019-08-13 04:18:05 789 [ERROR] Native table 'performance_schema'.'socket_instances' has the wrong structure
2019-08-13 04:18:05 789 [ERROR] Native table 'performance_schema'.'socket_summary_by_instance' has the wrong structure
2019-08-13 04:18:05 789 [ERROR] Native table 'performance_schema'.'socket_summary_by_event_name' has the wrong structure
2019-08-13 04:18:05 789 [ERROR] Native table 'performance_schema'.'session_connect_attrs' has the wrong structure
2019-08-13 04:18:05 789 [ERROR] Native table 'performance_schema'.'session_account_connect_attrs' has the wrong structure
2019-08-13 04:18:05 789 [Note] Event Scheduler: Loaded 0 events
2019-08-13 04:18:05 789 [Note] /usr/sbin/mysqld: ready for connections.
Version: '5.6.34'  socket: '/var/run/mysqld/mysqld.sock'  port: 3306  MySQL Community Server (GPL)
190813 12:15:03 mysqld_safe Starting mysqld daemon with databases from /var/lib/mysql
2019-08-13 12:15:05 0 [Warning] Using unique option prefix key_buffer instead of key_buffer_size is deprecated and will be removed in a future release. Please use the full name instead.
2019-08-13 12:15:05 0 [Warning] TIMESTAMP with implicit DEFAULT value is deprecated. Please use --explicit_defaults_for_timestamp server option (see documentation for more details).
2019-08-13 12:15:05 0 [Note] /usr/sbin/mysqld (mysqld 5.6.34) starting as process 653 ...
2019-08-13 12:15:07 653 [Warning] Using unique option prefix myisam-recover instead of myisam-recover-options is deprecated and will be removed in a future release. Please use the full name instead.
2019-08-13 12:15:07 653 [Note] Plugin 'FEDERATED' is disabled.
2019-08-13 12:15:08 653 [Note] InnoDB: Using atomics to ref count buffer pool pages
2019-08-13 12:15:08 653 [Note] InnoDB: The InnoDB memory heap is disabled
2019-08-13 12:15:08 653 [Note] InnoDB: Mutexes and rw_locks use GCC atomic builtins
2019-08-13 12:15:08 653 [Note] InnoDB: Memory barrier is not used
2019-08-13 12:15:08 653 [Note] InnoDB: Compressed tables use zlib 1.2.8
2019-08-13 12:15:08 653 [Note] InnoDB: Using Linux native AIO
2019-08-13 12:15:08 653 [Note] InnoDB: Using CPU crc32 instructions
2019-08-13 12:15:08 653 [Note] InnoDB: Initializing buffer pool, size = 32.0M
2019-08-13 12:15:09 653 [Note] InnoDB: Completed initialization of buffer pool
2019-08-13 12:15:09 653 [Note] InnoDB: Highest supported file format is Barracuda.
2019-08-13 12:15:09 653 [Note] InnoDB: The log sequence numbers 1600309 and 1600309 in ibdata files do not match the log sequence number 2474207 in the ib_logfiles!
2019-08-13 12:15:09 653 [Note] InnoDB: Database was not shutdown normally!
2019-08-13 12:15:09 653 [Note] InnoDB: Starting crash recovery.
2019-08-13 12:15:09 653 [Note] InnoDB: Reading tablespace information from the .ibd files...
2019-08-13 12:15:10 653 [Note] InnoDB: Restoring possible half-written data pages 
2019-08-13 12:15:10 653 [Note] InnoDB: from the doublewrite buffer...
2019-08-13 12:15:12 653 [Note] InnoDB: 128 rollback segment(s) are active.
2019-08-13 12:15:12 653 [Note] InnoDB: Waiting for purge to start
2019-08-13 12:15:12 653 [Note] InnoDB: 5.6.34 started; log sequence number 2474207
2019-08-13 12:15:12 653 [Note] Server hostname (bind-address): '*'; port: 3306
2019-08-13 12:15:12 653 [Note] IPv6 is available.
2019-08-13 12:15:12 653 [Note]   - '::' resolves to '::';
2019-08-13 12:15:12 653 [Note] Server socket created on IP: '::'.
2019-08-13 12:15:13 653 [Note] Event Scheduler: Loaded 0 events
2019-08-13 12:15:13 653 [Note] /usr/sbin/mysqld: ready for connections.
Version: '5.6.34'  socket: '/var/run/mysqld/mysqld.sock'  port: 3306  MySQL Community Server (GPL)
190824 04:13:32 mysqld_safe Starting mysqld daemon with databases from /var/lib/mysql
2019-08-24 04:13:32 0 [Warning] Using unique option prefix key_buffer instead of key_buffer_size is deprecated and will be removed in a future release. Please use the full name instead.
2019-08-24 04:13:32 0 [Warning] TIMESTAMP with implicit DEFAULT value is deprecated. Please use --explicit_defaults_for_timestamp server option (see documentation for more details).
2019-08-24 04:13:33 0 [Note] /usr/sbin/mysqld (mysqld 5.6.34) starting as process 597 ...
2019-08-24 04:13:34 597 [Warning] Using unique option prefix myisam-recover instead of myisam-recover-options is deprecated and will be removed in a future release. Please use the full name instead.
2019-08-24 04:13:34 597 [Note] Plugin 'FEDERATED' is disabled.
2019-08-24 04:13:34 597 [Note] InnoDB: Using atomics to ref count buffer pool pages
2019-08-24 04:13:34 597 [Note] InnoDB: The InnoDB memory heap is disabled
2019-08-24 04:13:34 597 [Note] InnoDB: Mutexes and rw_locks use GCC atomic builtins
2019-08-24 04:13:34 597 [Note] InnoDB: Memory barrier is not used
2019-08-24 04:13:34 597 [Note] InnoDB: Compressed tables use zlib 1.2.8
2019-08-24 04:13:34 597 [Note] InnoDB: Using Linux native AIO
2019-08-24 04:13:34 597 [Note] InnoDB: Using CPU crc32 instructions
2019-08-24 04:13:34 597 [Note] InnoDB: Initializing buffer pool, size = 32.0M
2019-08-24 04:13:34 597 [Note] InnoDB: Completed initialization of buffer pool
2019-08-24 04:13:35 597 [Note] InnoDB: Highest supported file format is Barracuda.
2019-08-24 04:13:35 597 [Note] InnoDB: The log sequence numbers 1600309 and 1600309 in ibdata files do not match the log sequence number 2474217 in the ib_logfiles!
2019-08-24 04:13:35 597 [Note] InnoDB: Database was not shutdown normally!
2019-08-24 04:13:35 597 [Note] InnoDB: Starting crash recovery.
2019-08-24 04:13:35 597 [Note] InnoDB: Reading tablespace information from the .ibd files...
2019-08-24 04:13:36 597 [Note] InnoDB: Restoring possible half-written data pages 
2019-08-24 04:13:36 597 [Note] InnoDB: from the doublewrite buffer...
2019-08-24 04:13:36 597 [Note] InnoDB: 128 rollback segment(s) are active.
2019-08-24 04:13:36 597 [Note] InnoDB: Waiting for purge to start
2019-08-24 04:13:36 597 [Note] InnoDB: 5.6.34 started; log sequence number 2474217
2019-08-24 04:13:36 597 [Note] Server hostname (bind-address): '*'; port: 3306
2019-08-24 04:13:36 597 [Note] IPv6 is available.
2019-08-24 04:13:36 597 [Note]   - '::' resolves to '::';
2019-08-24 04:13:36 597 [Note] Server socket created on IP: '::'.
2019-08-24 04:13:37 597 [Note] Event Scheduler: Loaded 0 events
2019-08-24 04:13:37 597 [Note] /usr/sbin/mysqld: ready for connections.
Version: '5.6.34'  socket: '/var/run/mysqld/mysqld.sock'  port: 3306  MySQL Community Server (GPL)
190831 08:01:01 mysqld_safe Starting mysqld daemon with databases from /var/lib/mysql
2019-08-31 08:01:02 0 [Warning] Using unique option prefix key_buffer instead of key_buffer_size is deprecated and will be removed in a future release. Please use the full name instead.
2019-08-31 08:01:02 0 [Warning] TIMESTAMP with implicit DEFAULT value is deprecated. Please use --explicit_defaults_for_timestamp server option (see documentation for more details).
2019-08-31 08:01:02 0 [Note] /usr/sbin/mysqld (mysqld 5.6.34) starting as process 571 ...
2019-08-31 08:01:04 571 [Warning] Using unique option prefix myisam-recover instead of myisam-recover-options is deprecated and will be removed in a future release. Please use the full name instead.
2019-08-31 08:01:04 571 [Note] Plugin 'FEDERATED' is disabled.
2019-08-31 08:01:05 571 [Note] InnoDB: Using atomics to ref count buffer pool pages
2019-08-31 08:01:05 571 [Note] InnoDB: The InnoDB memory heap is disabled
2019-08-31 08:01:05 571 [Note] InnoDB: Mutexes and rw_locks use GCC atomic builtins
2019-08-31 08:01:05 571 [Note] InnoDB: Memory barrier is not used
2019-08-31 08:01:05 571 [Note] InnoDB: Compressed tables use zlib 1.2.8
2019-08-31 08:01:05 571 [Note] InnoDB: Using Linux native AIO
2019-08-31 08:01:06 571 [Note] InnoDB: Using CPU crc32 instructions
2019-08-31 08:01:06 571 [Note] InnoDB: Initializing buffer pool, size = 32.0M
2019-08-31 08:01:06 571 [Note] InnoDB: Completed initialization of buffer pool
2019-08-31 08:01:06 571 [Note] InnoDB: Highest supported file format is Barracuda.
2019-08-31 08:01:06 571 [Note] InnoDB: The log sequence numbers 1600309 and 1600309 in ibdata files do not match the log sequence number 2474227 in the ib_logfiles!
2019-08-31 08:01:06 571 [Note] InnoDB: Database was not shutdown normally!
2019-08-31 08:01:06 571 [Note] InnoDB: Starting crash recovery.
2019-08-31 08:01:06 571 [Note] InnoDB: Reading tablespace information from the .ibd files...
2019-08-31 08:01:07 571 [Note] InnoDB: Restoring possible half-written data pages 
2019-08-31 08:01:07 571 [Note] InnoDB: from the doublewrite buffer...
2019-08-31 08:01:17 571 [Note] InnoDB: 128 rollback segment(s) are active.
2019-08-31 08:01:17 571 [Note] InnoDB: Waiting for purge to start
2019-08-31 08:01:17 571 [Note] InnoDB: 5.6.34 started; log sequence number 2474227
2019-08-31 08:01:18 571 [Note] Server hostname (bind-address): '*'; port: 3306
2019-08-31 08:01:18 571 [Note] IPv6 is available.
2019-08-31 08:01:18 571 [Note]   - '::' resolves to '::';
2019-08-31 08:01:18 571 [Note] Server socket created on IP: '::'.
2019-08-31 08:01:19 571 [Note] Event Scheduler: Loaded 0 events
2019-08-31 08:01:19 571 [Note] /usr/sbin/mysqld: ready for connections.
Version: '5.6.34'  socket: '/var/run/mysqld/mysqld.sock'  port: 3306  MySQL Community Server (GPL)
190910 16:19:14 mysqld_safe Starting mysqld daemon with databases from /var/lib/mysql
2019-09-10 16:19:14 0 [Warning] Using unique option prefix key_buffer instead of key_buffer_size is deprecated and will be removed in a future release. Please use the full name instead.
2019-09-10 16:19:14 0 [Warning] TIMESTAMP with implicit DEFAULT value is deprecated. Please use --explicit_defaults_for_timestamp server option (see documentation for more details).
2019-09-10 16:19:15 0 [Note] /usr/sbin/mysqld (mysqld 5.6.34) starting as process 633 ...
2019-09-10 16:19:15 633 [Warning] Using unique option prefix myisam-recover instead of myisam-recover-options is deprecated and will be removed in a future release. Please use the full name instead.
2019-09-10 16:19:15 633 [Note] Plugin 'FEDERATED' is disabled.
2019-09-10 16:19:16 633 [Note] InnoDB: Using atomics to ref count buffer pool pages
2019-09-10 16:19:16 633 [Note] InnoDB: The InnoDB memory heap is disabled
2019-09-10 16:19:16 633 [Note] InnoDB: Mutexes and rw_locks use GCC atomic builtins
2019-09-10 16:19:16 633 [Note] InnoDB: Memory barrier is not used
2019-09-10 16:19:16 633 [Note] InnoDB: Compressed tables use zlib 1.2.8
2019-09-10 16:19:16 633 [Note] InnoDB: Using Linux native AIO
2019-09-10 16:19:16 633 [Note] InnoDB: Using CPU crc32 instructions
2019-09-10 16:19:16 633 [Note] InnoDB: Initializing buffer pool, size = 32.0M
2019-09-10 16:19:16 633 [Note] InnoDB: Completed initialization of buffer pool
2019-09-10 16:19:17 633 [Note] InnoDB: Highest supported file format is Barracuda.
2019-09-10 16:19:17 633 [Note] InnoDB: The log sequence numbers 1600309 and 1600309 in ibdata files do not match the log sequence number 2474237 in the ib_logfiles!
2019-09-10 16:19:17 633 [Note] InnoDB: Database was not shutdown normally!
2019-09-10 16:19:17 633 [Note] InnoDB: Starting crash recovery.
2019-09-10 16:19:17 633 [Note] InnoDB: Reading tablespace information from the .ibd files...
2019-09-10 16:19:17 633 [Note] InnoDB: Restoring possible half-written data pages 
2019-09-10 16:19:17 633 [Note] InnoDB: from the doublewrite buffer...
2019-09-10 16:19:18 633 [Note] InnoDB: 128 rollback segment(s) are active.
2019-09-10 16:19:18 633 [Note] InnoDB: Waiting for purge to start
2019-09-10 16:19:18 633 [Note] InnoDB: 5.6.34 started; log sequence number 2474237
2019-09-10 16:19:18 633 [Note] Server hostname (bind-address): '*'; port: 3306
2019-09-10 16:19:18 633 [Note] IPv6 is available.
2019-09-10 16:19:18 633 [Note]   - '::' resolves to '::';
2019-09-10 16:19:18 633 [Note] Server socket created on IP: '::'.
2019-09-10 16:19:19 633 [Note] Event Scheduler: Loaded 0 events
2019-09-10 16:19:19 633 [Note] /usr/sbin/mysqld: ready for connections.
Version: '5.6.34'  socket: '/var/run/mysqld/mysqld.sock'  port: 3306  MySQL Community Server (GPL)
190912 06:05:05 mysqld_safe Starting mysqld daemon with databases from /var/lib/mysql
2019-09-12 06:05:06 0 [Warning] Using unique option prefix key_buffer instead of key_buffer_size is deprecated and will be removed in a future release. Please use the full name instead.
2019-09-12 06:05:06 0 [Warning] TIMESTAMP with implicit DEFAULT value is deprecated. Please use --explicit_defaults_for_timestamp server option (see documentation for more details).
2019-09-12 06:05:06 0 [Note] /usr/sbin/mysqld (mysqld 5.6.34) starting as process 621 ...
2019-09-12 06:05:07 621 [Warning] Using unique option prefix myisam-recover instead of myisam-recover-options is deprecated and will be removed in a future release. Please use the full name instead.
2019-09-12 06:05:07 621 [Note] Plugin 'FEDERATED' is disabled.
2019-09-12 06:05:07 621 [Note] InnoDB: Using atomics to ref count buffer pool pages
2019-09-12 06:05:07 621 [Note] InnoDB: The InnoDB memory heap is disabled
2019-09-12 06:05:07 621 [Note] InnoDB: Mutexes and rw_locks use GCC atomic builtins
2019-09-12 06:05:07 621 [Note] InnoDB: Memory barrier is not used
2019-09-12 06:05:07 621 [Note] InnoDB: Compressed tables use zlib 1.2.8
2019-09-12 06:05:07 621 [Note] InnoDB: Using Linux native AIO
2019-09-12 06:05:07 621 [Note] InnoDB: Using CPU crc32 instructions
2019-09-12 06:05:07 621 [Note] InnoDB: Initializing buffer pool, size = 32.0M
2019-09-12 06:05:07 621 [Note] InnoDB: Completed initialization of buffer pool
2019-09-12 06:05:07 621 [Note] InnoDB: Highest supported file format is Barracuda.
2019-09-12 06:05:07 621 [Note] InnoDB: The log sequence numbers 1600309 and 1600309 in ibdata files do not match the log sequence number 2474247 in the ib_logfiles!
2019-09-12 06:05:07 621 [Note] InnoDB: Database was not shutdown normally!
2019-09-12 06:05:07 621 [Note] InnoDB: Starting crash recovery.
2019-09-12 06:05:07 621 [Note] InnoDB: Reading tablespace information from the .ibd files...
2019-09-12 06:05:07 621 [Note] InnoDB: Restoring possible half-written data pages 
2019-09-12 06:05:07 621 [Note] InnoDB: from the doublewrite buffer...
2019-09-12 06:05:08 621 [Note] InnoDB: 128 rollback segment(s) are active.
2019-09-12 06:05:08 621 [Note] InnoDB: Waiting for purge to start
2019-09-12 06:05:08 621 [Note] InnoDB: 5.6.34 started; log sequence number 2474247
2019-09-12 06:05:09 621 [Note] Server hostname (bind-address): '*'; port: 3306
2019-09-12 06:05:09 621 [Note] IPv6 is available.
2019-09-12 06:05:09 621 [Note]   - '::' resolves to '::';
2019-09-12 06:05:09 621 [Note] Server socket created on IP: '::'.
2019-09-12 06:05:09 621 [Note] Event Scheduler: Loaded 0 events
2019-09-12 06:05:09 621 [Note] /usr/sbin/mysqld: ready for connections.
Version: '5.6.34'  socket: '/var/run/mysqld/mysqld.sock'  port: 3306  MySQL Community Server (GPL)
190919 06:51:26 mysqld_safe Starting mysqld daemon with databases from /var/lib/mysql
2019-09-19 06:51:26 0 [Warning] Using unique option prefix key_buffer instead of key_buffer_size is deprecated and will be removed in a future release. Please use the full name instead.
2019-09-19 06:51:26 0 [Warning] TIMESTAMP with implicit DEFAULT value is deprecated. Please use --explicit_defaults_for_timestamp server option (see documentation for more details).
2019-09-19 06:51:26 0 [Note] /usr/sbin/mysqld (mysqld 5.6.34) starting as process 634 ...
2019-09-19 06:51:27 634 [Warning] Using unique option prefix myisam-recover instead of myisam-recover-options is deprecated and will be removed in a future release. Please use the full name instead.
2019-09-19 06:51:27 634 [Note] Plugin 'FEDERATED' is disabled.
2019-09-19 06:51:27 634 [Note] InnoDB: Using atomics to ref count buffer pool pages
2019-09-19 06:51:27 634 [Note] InnoDB: The InnoDB memory heap is disabled
2019-09-19 06:51:27 634 [Note] InnoDB: Mutexes and rw_locks use GCC atomic builtins
2019-09-19 06:51:27 634 [Note] InnoDB: Memory barrier is not used
2019-09-19 06:51:27 634 [Note] InnoDB: Compressed tables use zlib 1.2.8
2019-09-19 06:51:27 634 [Note] InnoDB: Using Linux native AIO
2019-09-19 06:51:27 634 [Note] InnoDB: Using CPU crc32 instructions
2019-09-19 06:51:27 634 [Note] InnoDB: Initializing buffer pool, size = 32.0M
2019-09-19 06:51:27 634 [Note] InnoDB: Completed initialization of buffer pool
2019-09-19 06:51:27 634 [Note] InnoDB: Highest supported file format is Barracuda.
2019-09-19 06:51:27 634 [Note] InnoDB: The log sequence numbers 1600309 and 1600309 in ibdata files do not match the log sequence number 2474257 in the ib_logfiles!
2019-09-19 06:51:27 634 [Note] InnoDB: Database was not shutdown normally!
2019-09-19 06:51:27 634 [Note] InnoDB: Starting crash recovery.
2019-09-19 06:51:27 634 [Note] InnoDB: Reading tablespace information from the .ibd files...
2019-09-19 06:51:27 634 [Note] InnoDB: Restoring possible half-written data pages 
2019-09-19 06:51:27 634 [Note] InnoDB: from the doublewrite buffer...
2019-09-19 06:51:28 634 [Note] InnoDB: 128 rollback segment(s) are active.
2019-09-19 06:51:28 634 [Note] InnoDB: Waiting for purge to start
2019-09-19 06:51:28 634 [Note] InnoDB: 5.6.34 started; log sequence number 2474257
2019-09-19 06:51:29 634 [Note] Server hostname (bind-address): '*'; port: 3306
2019-09-19 06:51:29 634 [Note] IPv6 is available.
2019-09-19 06:51:29 634 [Note]   - '::' resolves to '::';
2019-09-19 06:51:29 634 [Note] Server socket created on IP: '::'.
2019-09-19 06:51:29 634 [Note] Event Scheduler: Loaded 0 events
2019-09-19 06:51:29 634 [Note] /usr/sbin/mysqld: ready for connections.
Version: '5.6.34'  socket: '/var/run/mysqld/mysqld.sock'  port: 3306  MySQL Community Server (GPL)
190920 06:04:47 mysqld_safe Starting mysqld daemon with databases from /var/lib/mysql
2019-09-20 06:04:47 0 [Warning] Using unique option prefix key_buffer instead of key_buffer_size is deprecated and will be removed in a future release. Please use the full name instead.
2019-09-20 06:04:47 0 [Warning] TIMESTAMP with implicit DEFAULT value is deprecated. Please use --explicit_defaults_for_timestamp server option (see documentation for more details).
2019-09-20 06:04:47 0 [Note] /usr/sbin/mysqld (mysqld 5.6.34) starting as process 571 ...
2019-09-20 06:04:48 571 [Warning] Using unique option prefix myisam-recover instead of myisam-recover-options is deprecated and will be removed in a future release. Please use the full name instead.
2019-09-20 06:04:48 571 [Note] Plugin 'FEDERATED' is disabled.
2019-09-20 06:04:48 571 [Note] InnoDB: Using atomics to ref count buffer pool pages
2019-09-20 06:04:48 571 [Note] InnoDB: The InnoDB memory heap is disabled
2019-09-20 06:04:48 571 [Note] InnoDB: Mutexes and rw_locks use GCC atomic builtins
2019-09-20 06:04:48 571 [Note] InnoDB: Memory barrier is not used
2019-09-20 06:04:48 571 [Note] InnoDB: Compressed tables use zlib 1.2.8
2019-09-20 06:04:48 571 [Note] InnoDB: Using Linux native AIO
2019-09-20 06:04:48 571 [Note] InnoDB: Using CPU crc32 instructions
2019-09-20 06:04:48 571 [Note] InnoDB: Initializing buffer pool, size = 32.0M
2019-09-20 06:04:48 571 [Note] InnoDB: Completed initialization of buffer pool
2019-09-20 06:04:49 571 [Note] InnoDB: Highest supported file format is Barracuda.
2019-09-20 06:04:49 571 [Note] InnoDB: The log sequence numbers 1600309 and 1600309 in ibdata files do not match the log sequence number 2474267 in the ib_logfiles!
2019-09-20 06:04:49 571 [Note] InnoDB: Database was not shutdown normally!
2019-09-20 06:04:49 571 [Note] InnoDB: Starting crash recovery.
2019-09-20 06:04:49 571 [Note] InnoDB: Reading tablespace information from the .ibd files...
2019-09-20 06:04:49 571 [Note] InnoDB: Restoring possible half-written data pages 
2019-09-20 06:04:49 571 [Note] InnoDB: from the doublewrite buffer...
2019-09-20 06:04:51 571 [Note] InnoDB: 128 rollback segment(s) are active.
2019-09-20 06:04:51 571 [Note] InnoDB: Waiting for purge to start
2019-09-20 06:04:51 571 [Note] InnoDB: 5.6.34 started; log sequence number 2474267
2019-09-20 06:04:51 571 [Note] Server hostname (bind-address): '*'; port: 3306
2019-09-20 06:04:51 571 [Note] IPv6 is available.
2019-09-20 06:04:51 571 [Note]   - '::' resolves to '::';
2019-09-20 06:04:51 571 [Note] Server socket created on IP: '::'.
2019-09-20 06:04:51 571 [Note] Event Scheduler: Loaded 0 events
2019-09-20 06:04:51 571 [Note] /usr/sbin/mysqld: ready for connections.
Version: '5.6.34'  socket: '/var/run/mysqld/mysqld.sock'  port: 3306  MySQL Community Server (GPL)
190930 13:01:12 mysqld_safe Starting mysqld daemon with databases from /var/lib/mysql
2019-09-30 13:01:12 0 [Warning] Using unique option prefix key_buffer instead of key_buffer_size is deprecated and will be removed in a future release. Please use the full name instead.
2019-09-30 13:01:12 0 [Warning] TIMESTAMP with implicit DEFAULT value is deprecated. Please use --explicit_defaults_for_timestamp server option (see documentation for more details).
2019-09-30 13:01:12 0 [Note] /usr/sbin/mysqld (mysqld 5.6.34) starting as process 593 ...
2019-09-30 13:01:13 593 [Warning] Using unique option prefix myisam-recover instead of myisam-recover-options is deprecated and will be removed in a future release. Please use the full name instead.
2019-09-30 13:01:13 593 [Note] Plugin 'FEDERATED' is disabled.
2019-09-30 13:01:14 593 [Note] InnoDB: Using atomics to ref count buffer pool pages
2019-09-30 13:01:14 593 [Note] InnoDB: The InnoDB memory heap is disabled
2019-09-30 13:01:14 593 [Note] InnoDB: Mutexes and rw_locks use GCC atomic builtins
2019-09-30 13:01:14 593 [Note] InnoDB: Memory barrier is not used
2019-09-30 13:01:14 593 [Note] InnoDB: Compressed tables use zlib 1.2.8
2019-09-30 13:01:14 593 [Note] InnoDB: Using Linux native AIO
2019-09-30 13:01:14 593 [Note] InnoDB: Using CPU crc32 instructions
2019-09-30 13:01:14 593 [Note] InnoDB: Initializing buffer pool, size = 32.0M
2019-09-30 13:01:14 593 [Note] InnoDB: Completed initialization of buffer pool
2019-09-30 13:01:15 593 [Note] InnoDB: Highest supported file format is Barracuda.
2019-09-30 13:01:15 593 [Note] InnoDB: The log sequence numbers 1600309 and 1600309 in ibdata files do not match the log sequence number 2474277 in the ib_logfiles!
2019-09-30 13:01:15 593 [Note] InnoDB: Database was not shutdown normally!
2019-09-30 13:01:15 593 [Note] InnoDB: Starting crash recovery.
2019-09-30 13:01:15 593 [Note] InnoDB: Reading tablespace information from the .ibd files...
2019-09-30 13:01:15 593 [Note] InnoDB: Restoring possible half-written data pages 
2019-09-30 13:01:15 593 [Note] InnoDB: from the doublewrite buffer...
2019-09-30 13:01:17 593 [Note] InnoDB: 128 rollback segment(s) are active.
2019-09-30 13:01:17 593 [Note] InnoDB: Waiting for purge to start
2019-09-30 13:01:17 593 [Note] InnoDB: 5.6.34 started; log sequence number 2474277
2019-09-30 13:01:17 593 [Note] Server hostname (bind-address): '*'; port: 3306
2019-09-30 13:01:17 593 [Note] IPv6 is available.
2019-09-30 13:01:17 593 [Note]   - '::' resolves to '::';
2019-09-30 13:01:17 593 [Note] Server socket created on IP: '::'.
2019-09-30 13:01:17 593 [Note] Event Scheduler: Loaded 0 events
2019-09-30 13:01:17 593 [Note] /usr/sbin/mysqld: ready for connections.
Version: '5.6.34'  socket: '/var/run/mysqld/mysqld.sock'  port: 3306  MySQL Community Server (GPL)
191001 08:08:44 mysqld_safe Starting mysqld daemon with databases from /var/lib/mysql
2019-10-01 08:08:45 0 [Warning] Using unique option prefix key_buffer instead of key_buffer_size is deprecated and will be removed in a future release. Please use the full name instead.
2019-10-01 08:08:45 0 [Warning] TIMESTAMP with implicit DEFAULT value is deprecated. Please use --explicit_defaults_for_timestamp server option (see documentation for more details).
2019-10-01 08:08:45 0 [Note] /usr/sbin/mysqld (mysqld 5.6.34) starting as process 590 ...
2019-10-01 08:08:46 590 [Warning] Using unique option prefix myisam-recover instead of myisam-recover-options is deprecated and will be removed in a future release. Please use the full name instead.
2019-10-01 08:08:46 590 [Note] Plugin 'FEDERATED' is disabled.
2019-10-01 08:08:46 590 [Note] InnoDB: Using atomics to ref count buffer pool pages
2019-10-01 08:08:46 590 [Note] InnoDB: The InnoDB memory heap is disabled
2019-10-01 08:08:46 590 [Note] InnoDB: Mutexes and rw_locks use GCC atomic builtins
2019-10-01 08:08:46 590 [Note] InnoDB: Memory barrier is not used
2019-10-01 08:08:46 590 [Note] InnoDB: Compressed tables use zlib 1.2.8
2019-10-01 08:08:46 590 [Note] InnoDB: Using Linux native AIO
2019-10-01 08:08:47 590 [Note] InnoDB: Using CPU crc32 instructions
2019-10-01 08:08:47 590 [Note] InnoDB: Initializing buffer pool, size = 32.0M
2019-10-01 08:08:47 590 [Note] InnoDB: Completed initialization of buffer pool
2019-10-01 08:08:47 590 [Note] InnoDB: Highest supported file format is Barracuda.
2019-10-01 08:08:48 590 [Note] InnoDB: The log sequence numbers 1600309 and 1600309 in ibdata files do not match the log sequence number 2474287 in the ib_logfiles!
2019-10-01 08:08:48 590 [Note] InnoDB: Database was not shutdown normally!
2019-10-01 08:08:48 590 [Note] InnoDB: Starting crash recovery.
2019-10-01 08:08:48 590 [Note] InnoDB: Reading tablespace information from the .ibd files...
2019-10-01 08:08:48 590 [Note] InnoDB: Restoring possible half-written data pages 
2019-10-01 08:08:48 590 [Note] InnoDB: from the doublewrite buffer...
2019-10-01 08:08:50 590 [Note] InnoDB: 128 rollback segment(s) are active.
2019-10-01 08:08:50 590 [Note] InnoDB: Waiting for purge to start
2019-10-01 08:08:50 590 [Note] InnoDB: 5.6.34 started; log sequence number 2474287
2019-10-01 08:08:50 590 [Note] Server hostname (bind-address): '*'; port: 3306
2019-10-01 08:08:50 590 [Note] IPv6 is available.
2019-10-01 08:08:50 590 [Note]   - '::' resolves to '::';
2019-10-01 08:08:50 590 [Note] Server socket created on IP: '::'.
2019-10-01 08:08:51 590 [Note] Event Scheduler: Loaded 0 events
2019-10-01 08:08:51 590 [Note] /usr/sbin/mysqld: ready for connections.
Version: '5.6.34'  socket: '/var/run/mysqld/mysqld.sock'  port: 3306  MySQL Community Server (GPL)
191010 12:31:30 mysqld_safe Starting mysqld daemon with databases from /var/lib/mysql
2019-10-10 12:31:30 0 [Warning] Using unique option prefix key_buffer instead of key_buffer_size is deprecated and will be removed in a future release. Please use the full name instead.
2019-10-10 12:31:30 0 [Warning] TIMESTAMP with implicit DEFAULT value is deprecated. Please use --explicit_defaults_for_timestamp server option (see documentation for more details).
2019-10-10 12:31:30 0 [Note] /usr/sbin/mysqld (mysqld 5.6.34) starting as process 555 ...
2019-10-10 12:31:30 555 [Warning] Using unique option prefix myisam-recover instead of myisam-recover-options is deprecated and will be removed in a future release. Please use the full name instead.
2019-10-10 12:31:30 555 [Note] Plugin 'FEDERATED' is disabled.
2019-10-10 12:31:31 555 [Note] InnoDB: Using atomics to ref count buffer pool pages
2019-10-10 12:31:31 555 [Note] InnoDB: The InnoDB memory heap is disabled
2019-10-10 12:31:31 555 [Note] InnoDB: Mutexes and rw_locks use GCC atomic builtins
2019-10-10 12:31:31 555 [Note] InnoDB: Memory barrier is not used
2019-10-10 12:31:31 555 [Note] InnoDB: Compressed tables use zlib 1.2.8
2019-10-10 12:31:31 555 [Note] InnoDB: Using Linux native AIO
2019-10-10 12:31:31 555 [Note] InnoDB: Using CPU crc32 instructions
2019-10-10 12:31:31 555 [Note] InnoDB: Initializing buffer pool, size = 32.0M
2019-10-10 12:31:31 555 [Note] InnoDB: Completed initialization of buffer pool
2019-10-10 12:31:32 555 [Note] InnoDB: Highest supported file format is Barracuda.
2019-10-10 12:31:32 555 [Note] InnoDB: The log sequence numbers 1600309 and 1600309 in ibdata files do not match the log sequence number 2474297 in the ib_logfiles!
2019-10-10 12:31:32 555 [Note] InnoDB: Database was not shutdown normally!
2019-10-10 12:31:32 555 [Note] InnoDB: Starting crash recovery.
2019-10-10 12:31:32 555 [Note] InnoDB: Reading tablespace information from the .ibd files...
2019-10-10 12:31:33 555 [Note] InnoDB: Restoring possible half-written data pages 
2019-10-10 12:31:33 555 [Note] InnoDB: from the doublewrite buffer...
2019-10-10 12:31:35 555 [Note] InnoDB: 128 rollback segment(s) are active.
2019-10-10 12:31:35 555 [Note] InnoDB: Waiting for purge to start
2019-10-10 12:31:35 555 [Note] InnoDB: 5.6.34 started; log sequence number 2474297
2019-10-10 12:31:35 555 [Note] Server hostname (bind-address): '*'; port: 3306
2019-10-10 12:31:35 555 [Note] IPv6 is available.
2019-10-10 12:31:35 555 [Note]   - '::' resolves to '::';
2019-10-10 12:31:35 555 [Note] Server socket created on IP: '::'.
2019-10-10 12:31:36 555 [Note] Event Scheduler: Loaded 0 events
2019-10-10 12:31:36 555 [Note] /usr/sbin/mysqld: ready for connections.
Version: '5.6.34'  socket: '/var/run/mysqld/mysqld.sock'  port: 3306  MySQL Community Server (GPL)
191010 18:23:33 mysqld_safe Starting mysqld daemon with databases from /var/lib/mysql
2019-10-10 18:23:34 0 [Warning] Using unique option prefix key_buffer instead of key_buffer_size is deprecated and will be removed in a future release. Please use the full name instead.
2019-10-10 18:23:34 0 [Warning] TIMESTAMP with implicit DEFAULT value is deprecated. Please use --explicit_defaults_for_timestamp server option (see documentation for more details).
2019-10-10 18:23:35 0 [Note] /usr/sbin/mysqld (mysqld 5.6.34) starting as process 642 ...
2019-10-10 18:23:35 642 [Warning] Using unique option prefix myisam-recover instead of myisam-recover-options is deprecated and will be removed in a future release. Please use the full name instead.
2019-10-10 18:23:35 642 [Note] Plugin 'FEDERATED' is disabled.
2019-10-10 18:23:36 642 [Note] InnoDB: Using atomics to ref count buffer pool pages
2019-10-10 18:23:36 642 [Note] InnoDB: The InnoDB memory heap is disabled
2019-10-10 18:23:36 642 [Note] InnoDB: Mutexes and rw_locks use GCC atomic builtins
2019-10-10 18:23:36 642 [Note] InnoDB: Memory barrier is not used
2019-10-10 18:23:36 642 [Note] InnoDB: Compressed tables use zlib 1.2.8
2019-10-10 18:23:36 642 [Note] InnoDB: Using Linux native AIO
2019-10-10 18:23:37 642 [Note] InnoDB: Using CPU crc32 instructions
2019-10-10 18:23:37 642 [Note] InnoDB: Initializing buffer pool, size = 32.0M
2019-10-10 18:23:37 642 [Note] InnoDB: Completed initialization of buffer pool
2019-10-10 18:23:38 642 [Note] InnoDB: Highest supported file format is Barracuda.
2019-10-10 18:23:38 642 [Note] InnoDB: The log sequence numbers 1600309 and 1600309 in ibdata files do not match the log sequence number 2474307 in the ib_logfiles!
2019-10-10 18:23:38 642 [Note] InnoDB: Database was not shutdown normally!
2019-10-10 18:23:38 642 [Note] InnoDB: Starting crash recovery.
2019-10-10 18:23:38 642 [Note] InnoDB: Reading tablespace information from the .ibd files...
2019-10-10 18:23:38 642 [Note] InnoDB: Restoring possible half-written data pages 
2019-10-10 18:23:38 642 [Note] InnoDB: from the doublewrite buffer...
2019-10-10 18:23:42 642 [Note] InnoDB: 128 rollback segment(s) are active.
2019-10-10 18:23:42 642 [Note] InnoDB: Waiting for purge to start
2019-10-10 18:23:42 642 [Note] InnoDB: 5.6.34 started; log sequence number 2474307
2019-10-10 18:23:42 642 [Note] Server hostname (bind-address): '*'; port: 3306
2019-10-10 18:23:42 642 [Note] IPv6 is available.
2019-10-10 18:23:42 642 [Note]   - '::' resolves to '::';
2019-10-10 18:23:42 642 [Note] Server socket created on IP: '::'.
2019-10-10 18:23:43 642 [Note] Event Scheduler: Loaded 0 events
2019-10-10 18:23:43 642 [Note] /usr/sbin/mysqld: ready for connections.
Version: '5.6.34'  socket: '/var/run/mysqld/mysqld.sock'  port: 3306  MySQL Community Server (GPL)
191011 05:46:16 mysqld_safe Starting mysqld daemon with databases from /var/lib/mysql
2019-10-11 05:46:17 0 [Warning] Using unique option prefix key_buffer instead of key_buffer_size is deprecated and will be removed in a future release. Please use the full name instead.
2019-10-11 05:46:17 0 [Warning] TIMESTAMP with implicit DEFAULT value is deprecated. Please use --explicit_defaults_for_timestamp server option (see documentation for more details).
2019-10-11 05:46:17 0 [Note] /usr/sbin/mysqld (mysqld 5.6.34) starting as process 639 ...
2019-10-11 05:46:17 639 [Warning] Using unique option prefix myisam-recover instead of myisam-recover-options is deprecated and will be removed in a future release. Please use the full name instead.
2019-10-11 05:46:17 639 [Note] Plugin 'FEDERATED' is disabled.
2019-10-11 05:46:18 639 [Note] InnoDB: Using atomics to ref count buffer pool pages
2019-10-11 05:46:18 639 [Note] InnoDB: The InnoDB memory heap is disabled
2019-10-11 05:46:18 639 [Note] InnoDB: Mutexes and rw_locks use GCC atomic builtins
2019-10-11 05:46:18 639 [Note] InnoDB: Memory barrier is not used
2019-10-11 05:46:18 639 [Note] InnoDB: Compressed tables use zlib 1.2.8
2019-10-11 05:46:18 639 [Note] InnoDB: Using Linux native AIO
2019-10-11 05:46:18 639 [Note] InnoDB: Using CPU crc32 instructions
2019-10-11 05:46:18 639 [Note] InnoDB: Initializing buffer pool, size = 32.0M
2019-10-11 05:46:18 639 [Note] InnoDB: Completed initialization of buffer pool
2019-10-11 05:46:18 639 [Note] InnoDB: Highest supported file format is Barracuda.
2019-10-11 05:46:18 639 [Note] InnoDB: The log sequence numbers 1600309 and 1600309 in ibdata files do not match the log sequence number 2474317 in the ib_logfiles!
2019-10-11 05:46:18 639 [Note] InnoDB: Database was not shutdown normally!
2019-10-11 05:46:18 639 [Note] InnoDB: Starting crash recovery.
2019-10-11 05:46:18 639 [Note] InnoDB: Reading tablespace information from the .ibd files...
2019-10-11 05:46:18 639 [Note] InnoDB: Restoring possible half-written data pages 
2019-10-11 05:46:18 639 [Note] InnoDB: from the doublewrite buffer...
2019-10-11 05:46:20 639 [Note] InnoDB: 128 rollback segment(s) are active.
2019-10-11 05:46:20 639 [Note] InnoDB: Waiting for purge to start
2019-10-11 05:46:20 639 [Note] InnoDB: 5.6.34 started; log sequence number 2474317
2019-10-11 05:46:20 639 [Note] Server hostname (bind-address): '*'; port: 3306
2019-10-11 05:46:20 639 [Note] IPv6 is available.
2019-10-11 05:46:20 639 [Note]   - '::' resolves to '::';
2019-10-11 05:46:20 639 [Note] Server socket created on IP: '::'.
2019-10-11 05:46:20 639 [Note] Event Scheduler: Loaded 0 events
2019-10-11 05:46:20 639 [Note] /usr/sbin/mysqld: ready for connections.
Version: '5.6.34'  socket: '/var/run/mysqld/mysqld.sock'  port: 3306  MySQL Community Server (GPL)
191013 15:25:00 mysqld_safe Starting mysqld daemon with databases from /var/lib/mysql
2019-10-13 15:25:00 0 [Warning] Using unique option prefix key_buffer instead of key_buffer_size is deprecated and will be removed in a future release. Please use the full name instead.
2019-10-13 15:25:00 0 [Warning] TIMESTAMP with implicit DEFAULT value is deprecated. Please use --explicit_defaults_for_timestamp server option (see documentation for more details).
2019-10-13 15:25:00 0 [Note] /usr/sbin/mysqld (mysqld 5.6.34) starting as process 659 ...
2019-10-13 15:25:00 659 [Warning] Using unique option prefix myisam-recover instead of myisam-recover-options is deprecated and will be removed in a future release. Please use the full name instead.
2019-10-13 15:25:00 659 [Note] Plugin 'FEDERATED' is disabled.
2019-10-13 15:25:01 659 [Note] InnoDB: Using atomics to ref count buffer pool pages
2019-10-13 15:25:01 659 [Note] InnoDB: The InnoDB memory heap is disabled
2019-10-13 15:25:01 659 [Note] InnoDB: Mutexes and rw_locks use GCC atomic builtins
2019-10-13 15:25:01 659 [Note] InnoDB: Memory barrier is not used
2019-10-13 15:25:01 659 [Note] InnoDB: Compressed tables use zlib 1.2.8
2019-10-13 15:25:01 659 [Note] InnoDB: Using Linux native AIO
2019-10-13 15:25:01 659 [Note] InnoDB: Using CPU crc32 instructions
2019-10-13 15:25:01 659 [Note] InnoDB: Initializing buffer pool, size = 32.0M
2019-10-13 15:25:01 659 [Note] InnoDB: Completed initialization of buffer pool
2019-10-13 15:25:01 659 [Note] InnoDB: Highest supported file format is Barracuda.
2019-10-13 15:25:01 659 [Note] InnoDB: The log sequence numbers 1600309 and 1600309 in ibdata files do not match the log sequence number 2474327 in the ib_logfiles!
2019-10-13 15:25:01 659 [Note] InnoDB: Database was not shutdown normally!
2019-10-13 15:25:01 659 [Note] InnoDB: Starting crash recovery.
2019-10-13 15:25:01 659 [Note] InnoDB: Reading tablespace information from the .ibd files...
2019-10-13 15:25:01 659 [Note] InnoDB: Restoring possible half-written data pages 
2019-10-13 15:25:01 659 [Note] InnoDB: from the doublewrite buffer...
2019-10-13 15:25:02 659 [Note] InnoDB: 128 rollback segment(s) are active.
2019-10-13 15:25:02 659 [Note] InnoDB: Waiting for purge to start
2019-10-13 15:25:02 659 [Note] InnoDB: 5.6.34 started; log sequence number 2474327
2019-10-13 15:25:02 659 [Note] Server hostname (bind-address): '*'; port: 3306
2019-10-13 15:25:02 659 [Note] IPv6 is available.
2019-10-13 15:25:02 659 [Note]   - '::' resolves to '::';
2019-10-13 15:25:02 659 [Note] Server socket created on IP: '::'.
2019-10-13 15:25:02 659 [Note] Event Scheduler: Loaded 0 events
2019-10-13 15:25:02 659 [Note] /usr/sbin/mysqld: ready for connections.
Version: '5.6.34'  socket: '/var/run/mysqld/mysqld.sock'  port: 3306  MySQL Community Server (GPL)
191020 06:33:55 mysqld_safe Starting mysqld daemon with databases from /var/lib/mysql
2019-10-20 06:33:56 0 [Warning] Using unique option prefix key_buffer instead of key_buffer_size is deprecated and will be removed in a future release. Please use the full name instead.
2019-10-20 06:33:56 0 [Warning] TIMESTAMP with implicit DEFAULT value is deprecated. Please use --explicit_defaults_for_timestamp server option (see documentation for more details).
2019-10-20 06:33:56 0 [Note] /usr/sbin/mysqld (mysqld 5.6.34) starting as process 586 ...
2019-10-20 06:33:58 586 [Warning] Using unique option prefix myisam-recover instead of myisam-recover-options is deprecated and will be removed in a future release. Please use the full name instead.
2019-10-20 06:33:58 586 [Note] Plugin 'FEDERATED' is disabled.
2019-10-20 06:33:58 586 [Note] InnoDB: Using atomics to ref count buffer pool pages
2019-10-20 06:33:58 586 [Note] InnoDB: The InnoDB memory heap is disabled
2019-10-20 06:33:58 586 [Note] InnoDB: Mutexes and rw_locks use GCC atomic builtins
2019-10-20 06:33:58 586 [Note] InnoDB: Memory barrier is not used
2019-10-20 06:33:58 586 [Note] InnoDB: Compressed tables use zlib 1.2.8
2019-10-20 06:33:58 586 [Note] InnoDB: Using Linux native AIO
2019-10-20 06:33:59 586 [Note] InnoDB: Using CPU crc32 instructions
2019-10-20 06:33:59 586 [Note] InnoDB: Initializing buffer pool, size = 32.0M
2019-10-20 06:33:59 586 [Note] InnoDB: Completed initialization of buffer pool
2019-10-20 06:33:59 586 [Note] InnoDB: Highest supported file format is Barracuda.
2019-10-20 06:33:59 586 [Note] InnoDB: The log sequence numbers 1600309 and 1600309 in ibdata files do not match the log sequence number 2474337 in the ib_logfiles!
2019-10-20 06:33:59 586 [Note] InnoDB: Database was not shutdown normally!
2019-10-20 06:33:59 586 [Note] InnoDB: Starting crash recovery.
2019-10-20 06:33:59 586 [Note] InnoDB: Reading tablespace information from the .ibd files...
2019-10-20 06:34:00 586 [Note] InnoDB: Restoring possible half-written data pages 
2019-10-20 06:34:00 586 [Note] InnoDB: from the doublewrite buffer...
2019-10-20 06:34:05 586 [Note] InnoDB: 128 rollback segment(s) are active.
2019-10-20 06:34:05 586 [Note] InnoDB: Waiting for purge to start
2019-10-20 06:34:05 586 [Note] InnoDB: 5.6.34 started; log sequence number 2474337
2019-10-20 06:34:06 586 [Note] Server hostname (bind-address): '*'; port: 3306
2019-10-20 06:34:06 586 [Note] IPv6 is available.
2019-10-20 06:34:06 586 [Note]   - '::' resolves to '::';
2019-10-20 06:34:06 586 [Note] Server socket created on IP: '::'.
2019-10-20 06:34:07 586 [Note] Event Scheduler: Loaded 0 events
2019-10-20 06:34:07 586 [Note] /usr/sbin/mysqld: ready for connections.
Version: '5.6.34'  socket: '/var/run/mysqld/mysqld.sock'  port: 3306  MySQL Community Server (GPL)
