[13-Aug-2019 04:23:16 UTC] PHP Warning:  An unexpected error occurred. Something may be wrong with WordPress.org or this server&#8217;s configuration. If you continue to have problems, please try the <a href="https://wordpress.org/support/">support forums</a>. (WordPress could not establish a secure connection to WordPress.org. Please contact your server administrator.) in /app/public/wp-includes/update.php on line 160
[13-Aug-2019 04:23:16 UTC] PHP Stack trace:
[13-Aug-2019 04:23:16 UTC] PHP   1. {main}() /app/public/wp-cron.php:0
[13-Aug-2019 04:23:16 UTC] PHP   2. do_action_ref_array() /app/public/wp-cron.php:133
[13-Aug-2019 04:23:16 UTC] PHP   3. WP_Hook->do_action() /app/public/wp-includes/plugin.php:531
[13-Aug-2019 04:23:16 UTC] PHP   4. WP_Hook->apply_filters() /app/public/wp-includes/class-wp-hook.php:310
[13-Aug-2019 04:23:16 UTC] PHP   5. wp_version_check() /app/public/wp-includes/class-wp-hook.php:286
[13-Aug-2019 04:23:16 UTC] PHP   6. trigger_error() /app/public/wp-includes/update.php:160
[13-Aug-2019 04:23:17 UTC] PHP Warning:  An unexpected error occurred. Something may be wrong with WordPress.org or this server&#8217;s configuration. If you continue to have problems, please try the <a href="https://wordpress.org/support/">support forums</a>. (WordPress could not establish a secure connection to WordPress.org. Please contact your server administrator.) in /app/public/wp-includes/update.php on line 384
[13-Aug-2019 04:23:17 UTC] PHP Stack trace:
[13-Aug-2019 04:23:17 UTC] PHP   1. {main}() /app/public/wp-cron.php:0
[13-Aug-2019 04:23:17 UTC] PHP   2. do_action_ref_array() /app/public/wp-cron.php:133
[13-Aug-2019 04:23:17 UTC] PHP   3. WP_Hook->do_action() /app/public/wp-includes/plugin.php:531
[13-Aug-2019 04:23:17 UTC] PHP   4. WP_Hook->apply_filters() /app/public/wp-includes/class-wp-hook.php:310
[13-Aug-2019 04:23:17 UTC] PHP   5. wp_update_plugins() /app/public/wp-includes/class-wp-hook.php:286
[13-Aug-2019 04:23:17 UTC] PHP   6. trigger_error() /app/public/wp-includes/update.php:384
[13-Aug-2019 04:23:17 UTC] PHP Warning:  An unexpected error occurred. Something may be wrong with WordPress.org or this server&#8217;s configuration. If you continue to have problems, please try the <a href="https://wordpress.org/support/">support forums</a>. (WordPress could not establish a secure connection to WordPress.org. Please contact your server administrator.) in /app/public/wp-includes/update.php on line 569
[13-Aug-2019 04:23:17 UTC] PHP Stack trace:
[13-Aug-2019 04:23:17 UTC] PHP   1. {main}() /app/public/wp-cron.php:0
[13-Aug-2019 04:23:17 UTC] PHP   2. do_action_ref_array() /app/public/wp-cron.php:133
[13-Aug-2019 04:23:17 UTC] PHP   3. WP_Hook->do_action() /app/public/wp-includes/plugin.php:531
[13-Aug-2019 04:23:17 UTC] PHP   4. WP_Hook->apply_filters() /app/public/wp-includes/class-wp-hook.php:310
[13-Aug-2019 04:23:17 UTC] PHP   5. wp_update_themes() /app/public/wp-includes/class-wp-hook.php:286
[13-Aug-2019 04:23:17 UTC] PHP   6. trigger_error() /app/public/wp-includes/update.php:569
[13-Aug-2019 04:23:52 UTC] PHP Fatal error:  Uncaught Error: Class 'WP_CLI\SynopsisValidator' not found in phar:///usr/local/bin/wp/php/WP_CLI/Dispatcher/Subcommand.php:254
Stack trace:
#0 phar:///usr/local/bin/wp/php/WP_CLI/Dispatcher/Subcommand.php(386): WP_CLI\Dispatcher\Subcommand->validate_args(Array, Array, Array)
#1 phar:///usr/local/bin/wp/php/WP_CLI/Runner.php(323): WP_CLI\Dispatcher\Subcommand->invoke(Array, Array, Array)
#2 phar:///usr/local/bin/wp/php/WP_CLI/Runner.php(330): WP_CLI\Runner->run_command(Array, Array)
#3 phar:///usr/local/bin/wp/php/WP_CLI/Runner.php(985): WP_CLI\Runner->_run_command()
#4 phar:///usr/local/bin/wp/php/WP_CLI/Bootstrap/LaunchRunner.php(23): WP_CLI\Runner->start()
#5 phar:///usr/local/bin/wp/php/bootstrap.php(75): WP_CLI\Bootstrap\LaunchRunner->process(Object(WP_CLI\Bootstrap\BootstrapState))
#6 phar:///usr/local/bin/wp/php/wp-cli.php(23): WP_CLI\bootstrap()
#7 phar:///usr/local/bin/wp/php/boot-phar.php(8): include('phar:///usr/loc...')
#8 /usr/local/bin/wp(4): include('phar:///usr/loc...')
#9 {main}
  thrown in phar:///usr/local/bin/wp/php/WP_CLI/Dispatcher/Subcommand.php on line 254
[13-Aug-2019 09:50:58 UTC] PHP Parse error:  syntax error, unexpected '$name' (T_VARIABLE), expecting ',' or ';' in /app/public/class-2/class-2.php on line 55
[31-Aug-2019 14:55:04 UTC] PHP Notice:  Undefined variable: d in /app/public/class-9/class-9.php on line 56
[31-Aug-2019 14:55:04 UTC] PHP Stack trace:
[31-Aug-2019 14:55:04 UTC] PHP   1. {main}() /app/public/class-9/class-9.php:0
[31-Aug-2019 16:20:02 UTC] PHP Parse error:  syntax error, unexpected 'x' (T_STRING) in /app/public/class-9/class-9.php on line 56
[31-Aug-2019 16:20:34 UTC] PHP Parse error:  syntax error, unexpected 'B' (T_STRING) in /app/public/class-9/class-9.php on line 56
[31-Aug-2019 16:20:49 UTC] PHP Parse error:  syntax error, unexpected 'B' (T_STRING) in /app/public/class-9/class-9.php on line 56
[31-Aug-2019 16:21:11 UTC] PHP Parse error:  syntax error, unexpected 'B' (T_STRING) in /app/public/class-9/class-9.php on line 56
[31-Aug-2019 16:21:46 UTC] PHP Parse error:  syntax error, unexpected 'x1B' (T_STRING) in /app/public/class-9/class-9.php on line 56
[31-Aug-2019 16:35:11 UTC] PHP Warning:  printf(): Too few arguments in /app/public/class-9/class-9.php on line 62
[31-Aug-2019 16:35:11 UTC] PHP Stack trace:
[31-Aug-2019 16:35:11 UTC] PHP   1. {main}() /app/public/class-9/class-9.php:0
[31-Aug-2019 16:35:11 UTC] PHP   2. printf() /app/public/class-9/class-9.php:62
[31-Aug-2019 17:08:43 UTC] PHP Notice:  Undefined variable: s in /app/public/class-10/class-10.php on line 60
[31-Aug-2019 17:08:43 UTC] PHP Stack trace:
[31-Aug-2019 17:08:43 UTC] PHP   1. {main}() /app/public/class-10/class-10.php:0
[31-Aug-2019 17:08:43 UTC] PHP Notice:  Undefined variable: s in /app/public/class-10/class-10.php on line 60
[31-Aug-2019 17:08:43 UTC] PHP Stack trace:
[31-Aug-2019 17:08:43 UTC] PHP   1. {main}() /app/public/class-10/class-10.php:0
[31-Aug-2019 17:19:27 UTC] PHP Warning:  printf(): Too few arguments in /app/public/class-10/class-10.php on line 64
[31-Aug-2019 17:19:27 UTC] PHP Stack trace:
[31-Aug-2019 17:19:27 UTC] PHP   1. {main}() /app/public/class-10/class-10.php:0
[31-Aug-2019 17:19:27 UTC] PHP   2. printf() /app/public/class-10/class-10.php:64
[31-Aug-2019 17:19:27 UTC] PHP Warning:  printf(): Too few arguments in /app/public/class-10/class-10.php on line 66
[31-Aug-2019 17:19:27 UTC] PHP Stack trace:
[31-Aug-2019 17:19:27 UTC] PHP   1. {main}() /app/public/class-10/class-10.php:0
[31-Aug-2019 17:19:27 UTC] PHP   2. printf() /app/public/class-10/class-10.php:66
[10-Sep-2019 17:42:24 UTC] PHP Parse error:  syntax error, unexpected '"' in /app/public/class-12/class-12.php on line 101
[10-Sep-2019 17:58:10 UTC] PHP Parse error:  syntax error, unexpected '"' in /app/public/class-12/class-12.php on line 101
[10-Sep-2019 17:58:43 UTC] PHP Parse error:  syntax error, unexpected '"' in /app/public/class-12/class-12.php on line 101
[10-Sep-2019 17:59:07 UTC] PHP Parse error:  syntax error, unexpected ''{$n} is an even number'' (T_CONSTANT_ENCAPSED_STRING) in /app/public/class-12/class-12.php on line 101
[10-Sep-2019 17:59:25 UTC] PHP Parse error:  syntax error, unexpected ''$n is an even number'' (T_CONSTANT_ENCAPSED_STRING) in /app/public/class-12/class-12.php on line 101
[10-Sep-2019 18:03:01 UTC] PHP Parse error:  syntax error, unexpected '"' in /app/public/class-12/class-12.php on line 101
[10-Sep-2019 18:03:50 UTC] PHP Parse error:  syntax error, unexpected '"' in /app/public/class-12/class-12.php on line 101
[10-Sep-2019 18:05:21 UTC] PHP Parse error:  syntax error, unexpected '"' in /app/public/class-12/class-12.php on line 101
[10-Sep-2019 18:05:55 UTC] PHP Parse error:  syntax error, unexpected '"' in /app/public/class-12/class-12.php on line 101
[10-Sep-2019 18:06:26 UTC] PHP Parse error:  syntax error, unexpected '"' in /app/public/class-12/class-12.php on line 101
[10-Sep-2019 18:06:30 UTC] PHP Parse error:  syntax error, unexpected '"' in /app/public/class-12/class-12.php on line 101
[10-Sep-2019 18:07:11 UTC] PHP Parse error:  syntax error, unexpected '"' in /app/public/class-12/class-12.php on line 57
[10-Sep-2019 18:11:24 UTC] PHP Parse error:  syntax error, unexpected '"' in /app/public/class-12/class-12.php on line 57
[11-Sep-2019 04:37:08 UTC] PHP Notice:  Undefined variable: age in /app/public/class-12/class-12.php on line 100
[11-Sep-2019 04:37:08 UTC] PHP Stack trace:
[11-Sep-2019 04:37:08 UTC] PHP   1. {main}() /app/public/class-12/class-12.php:0
[19-Sep-2019 07:12:46 UTC] PHP Parse error:  syntax error, unexpected ';', expecting ':' in /app/public/class-20/class-20.php on line 71
[19-Sep-2019 07:13:31 UTC] PHP Parse error:  syntax error, unexpected '{', expecting ':' in /app/public/class-20/class-20.php on line 73
[19-Sep-2019 07:38:06 UTC] PHP Parse error:  syntax error, unexpected '"<br/>"' (T_CONSTANT_ENCAPSED_STRING), expecting ',' or ';' in /app/public/class-20/class-20.php on line 89
[19-Sep-2019 09:27:07 UTC] PHP Parse error:  syntax error, unexpected 'else' (T_ELSE), expecting end of file in /app/public/class-20/class-20.php on line 89
[19-Sep-2019 09:28:17 UTC] PHP Parse error:  syntax error, unexpected 'else' (T_ELSE), expecting end of file in /app/public/class-20/class-20.php on line 89
[19-Sep-2019 09:30:31 UTC] PHP Parse error:  syntax error, unexpected 'else' (T_ELSE), expecting end of file in /app/public/class-20/class-20.php on line 89
[19-Sep-2019 13:22:44 UTC] PHP Parse error:  syntax error, unexpected ';' in /app/public/class-22/class-22.php on line 57
[19-Sep-2019 15:20:40 UTC] PHP Parse error:  syntax error, unexpected '?>', expecting while (T_WHILE) in /app/public/class-22/class-22.php on line 102
