[13-Aug-2019 04:18:43] NOTICE: fpm is running, pid 1049
[13-Aug-2019 04:18:43] NOTICE: ready to handle connections
[13-Aug-2019 12:15:33] NOTICE: fpm is running, pid 834
[13-Aug-2019 12:15:33] NOTICE: ready to handle connections
[24-Aug-2019 04:13:41] NOTICE: fpm is running, pid 719
[24-Aug-2019 04:13:41] NOTICE: ready to handle connections
[31-Aug-2019 08:01:14] NOTICE: fpm is running, pid 705
[31-Aug-2019 08:01:14] NOTICE: ready to handle connections
[10-Sep-2019 16:19:25] NOTICE: fpm is running, pid 751
[10-Sep-2019 16:19:25] NOTICE: ready to handle connections
[12-Sep-2019 06:05:18] NOTICE: fpm is running, pid 761
[12-Sep-2019 06:05:18] NOTICE: ready to handle connections
[19-Sep-2019 06:51:38] NOTICE: fpm is running, pid 755
[19-Sep-2019 06:51:38] NOTICE: ready to handle connections
[20-Sep-2019 06:05:04] NOTICE: fpm is running, pid 719
[20-Sep-2019 06:05:04] NOTICE: ready to handle connections
[30-Sep-2019 13:01:20] NOTICE: fpm is running, pid 732
[30-Sep-2019 13:01:20] NOTICE: ready to handle connections
[01-Oct-2019 08:08:51] NOTICE: fpm is running, pid 692
[01-Oct-2019 08:08:51] NOTICE: ready to handle connections
[10-Oct-2019 12:31:45] NOTICE: fpm is running, pid 723
[10-Oct-2019 12:31:45] NOTICE: ready to handle connections
[10-Oct-2019 18:23:52] NOTICE: fpm is running, pid 813
[10-Oct-2019 18:23:52] NOTICE: ready to handle connections
[11-Oct-2019 05:46:30] NOTICE: fpm is running, pid 778
[11-Oct-2019 05:46:30] NOTICE: ready to handle connections
[13-Oct-2019 15:25:09] NOTICE: fpm is running, pid 776
[13-Oct-2019 15:25:09] NOTICE: ready to handle connections
[20-Oct-2019 06:34:17] NOTICE: fpm is running, pid 794
[20-Oct-2019 06:34:17] NOTICE: ready to handle connections
